2025-08-14 15:58:37,713 - root - INFO - 開始執行 IThome 新聞爬取與發送
2025-08-14 15:58:45,970 - root - INFO - 找到 14 則新文章
2025-08-14 15:58:46,588 - root - INFO - 成功發送 Flex 訊息: 今日 iThome 最新14則新聞
2025-08-14 15:58:46,588 - root - INFO - 新聞發送完畢！
2025-08-14 16:02:16,447 - root - INFO - 開始執行 IThome 新聞爬取與發送
2025-08-14 16:02:25,513 - root - WARNING - 配額檢查時發生其他錯誤: 1 validation error for PushMessageRequest
messages
  field required (type=value_error.missing)
2025-08-14 16:02:25,932 - root - INFO - 今天沒有新文章
2025-08-14 16:02:42,545 - root - INFO - 雖然沒有新文章，但已生成摘要
2025-08-14 16:02:42,561 - root - INFO - 摘要已成功寫入 Notion 頁面
2025-08-14 16:03:08,076 - root - INFO - 開始執行 IThome 新聞爬取與發送
2025-08-14 16:03:15,955 - root - INFO - 找到 14 則新文章
2025-08-14 16:03:15,955 - root - WARNING - 配額檢查時發生其他錯誤: 1 validation error for PushMessageRequest
messages
  field required (type=value_error.missing)
2025-08-14 16:03:17,325 - root - INFO - 成功發送 Flex 訊息: 今日 iThome 最新14則新聞
2025-08-14 16:03:17,325 - root - INFO - 新聞發送完畢！
2025-08-14 16:03:17,325 - root - WARNING - 配額檢查時發生其他錯誤: 1 validation error for PushMessageRequest
messages
  field required (type=value_error.missing)
2025-08-14 16:03:27,774 - root - INFO - 成功發送批次訊息 1/1
2025-08-14 16:03:27,780 - root - INFO - 摘要發送完畢，長度: 2077字
2025-08-17 20:02:30,307 - root - INFO - 開始執行 IThome 新聞爬取與發送
2025-08-17 20:02:37,383 - root - INFO - 找到 15 則新文章
2025-08-17 20:02:37,383 - root - WARNING - 配額檢查時發生其他錯誤: 1 validation error for PushMessageRequest
messages
  field required (type=value_error.missing)
2025-08-17 20:02:37,798 - root - INFO - 成功發送 Flex 訊息: 今日 iThome 最新15則新聞
2025-08-17 20:02:37,798 - root - INFO - 新聞發送完畢！
2025-08-17 20:02:37,798 - root - WARNING - 配額檢查時發生其他錯誤: 1 validation error for PushMessageRequest
messages
  field required (type=value_error.missing)
2025-08-17 20:02:51,060 - root - INFO - 成功發送批次訊息 1/1
2025-08-17 20:02:51,061 - root - INFO - 摘要發送完畢，長度: 3727字
2025-08-17 20:06:39,018 - apscheduler.scheduler - INFO - Adding job tentatively -- it will be properly scheduled when the scheduler starts
2025-08-17 20:06:39,018 - apscheduler.scheduler - INFO - Added job "send_IT_message" to job store "default"
2025-08-17 20:06:39,018 - apscheduler.scheduler - INFO - Scheduler started
2025-08-17 20:06:39,018 - root - INFO - 排程已啟動，將在每天早上 8:00 執行 IThome 新聞爬取
2025-08-17 20:06:39,018 - root - INFO - 程式正在運行中，按 Ctrl+C 停止...
2025-08-23 12:30:42,888 - apscheduler.scheduler - INFO - Adding job tentatively -- it will be properly scheduled when the scheduler starts
2025-08-23 12:30:42,903 - apscheduler.scheduler - INFO - Added job "send_IT_message" to job store "default"
2025-08-23 12:30:42,903 - apscheduler.scheduler - INFO - Scheduler started
2025-08-23 12:30:42,904 - root - INFO - 排程已啟動，將在每天早上 8:00 執行 IThome 新聞爬取
2025-08-23 12:30:42,906 - root - INFO - 程式正在運行中，按 Ctrl+C 停止...
2025-08-23 12:33:00,018 - apscheduler.executors.default - INFO - Running job "send_IT_message (trigger: cron[hour='12', minute='33'], next run at: 2025-08-23 12:33:00 CST)" (scheduled at 2025-08-23 12:33:00+08:00)
2025-08-23 12:33:00,018 - root - INFO - 開始執行 IThome 新聞爬取與發送
2025-08-23 12:33:09,292 - root - INFO - 找到 15 則新文章
2025-08-23 12:33:09,700 - root - INFO - 成功發送 Flex 訊息: 今日 iThome 最新15則新聞
2025-08-23 12:33:09,708 - root - INFO - 新聞發送完畢！
2025-08-23 12:33:19,318 - root - INFO - 成功發送批次訊息 1/1
2025-08-23 12:33:19,328 - root - INFO - 摘要發送完畢，長度: 2216字
2025-08-23 12:33:19,328 - apscheduler.executors.default - INFO - Job "send_IT_message (trigger: cron[hour='12', minute='33'], next run at: 2025-08-24 12:33:00 CST)" executed successfully
